  [1m[36m (259.4ms)[0m  [1mCREATE TABLE "schema_migrations" ("version" character varying NOT NULL) [0m
  [1m[35m (2.0ms)[0m  CREATE UNIQUE INDEX  "unique_schema_migrations" ON "schema_migrations"  ("version")
  [1m[36mActiveRecord::SchemaMigration Load (13.3ms)[0m  [1mSELECT "schema_migrations".* FROM "schema_migrations"[0m
Migrating to CreatePosts (20150531010125)
  [1m[35m (0.2ms)[0m  BEGIN
DEPRECATION WARNING: `#timestamp` was called without specifying an option for `null`. In Rails 5, this behavior will change to `null: false`. You should manually specify `null: true` to prevent the behavior of your existing migrations from changing. (called from block in change at /Users/apprentice/Documents/craig2/RailsHackerNews/db/migrate/20150531010125_create_posts.rb:6)
  [1m[36m (143.9ms)[0m  [1mCREATE TABLE "posts" ("id" serial primary key, "title" character varying, "content" character varying, "username" character varying, "comment_count" integer, "created_at" timestamp, "updated_at" timestamp) [0m
  [1m[35mSQL (15.6ms)[0m  INSERT INTO "schema_migrations" ("version") VALUES ($1)  [["version", "20150531010125"]]
  [1m[36m (1.0ms)[0m  [1mCOMMIT[0m
Migrating to CreateVotes (20150531010228)
  [1m[35m (0.4ms)[0m  BEGIN
  [1m[36m (2.3ms)[0m  [1mCREATE TABLE "votes" ("id" serial primary key, "value" integer, "post_id" integer) [0m
  [1m[35mSQL (0.5ms)[0m  INSERT INTO "schema_migrations" ("version") VALUES ($1)  [["version", "20150531010228"]]
  [1m[36m (0.4ms)[0m  [1mCOMMIT[0m
  [1m[35mActiveRecord::SchemaMigration Load (0.3ms)[0m  SELECT "schema_migrations".* FROM "schema_migrations"
  [1m[36m (15.8ms)[0m  [1mSELECT t2.oid::regclass::text AS to_table, a1.attname AS column, a2.attname AS primary_key, c.conname AS name, c.confupdtype AS on_update, c.confdeltype AS on_delete
FROM pg_constraint c
JOIN pg_class t1 ON c.conrelid = t1.oid
JOIN pg_class t2 ON c.confrelid = t2.oid
JOIN pg_attribute a1 ON a1.attnum = c.conkey[1] AND a1.attrelid = t1.oid
JOIN pg_attribute a2 ON a2.attnum = c.confkey[1] AND a2.attrelid = t2.oid
JOIN pg_namespace t3 ON c.connamespace = t3.oid
WHERE c.contype = 'f'
  AND t1.relname = 'posts'
  AND t3.nspname = ANY (current_schemas(false))
ORDER BY c.conname
[0m
  [1m[35m (2.2ms)[0m  SELECT t2.oid::regclass::text AS to_table, a1.attname AS column, a2.attname AS primary_key, c.conname AS name, c.confupdtype AS on_update, c.confdeltype AS on_delete
FROM pg_constraint c
JOIN pg_class t1 ON c.conrelid = t1.oid
JOIN pg_class t2 ON c.confrelid = t2.oid
JOIN pg_attribute a1 ON a1.attnum = c.conkey[1] AND a1.attrelid = t1.oid
JOIN pg_attribute a2 ON a2.attnum = c.confkey[1] AND a2.attrelid = t2.oid
JOIN pg_namespace t3 ON c.connamespace = t3.oid
WHERE c.contype = 'f'
  AND t1.relname = 'votes'
  AND t3.nspname = ANY (current_schemas(false))
ORDER BY c.conname

  [1m[36mActiveRecord::SchemaMigration Load (0.6ms)[0m  [1mSELECT "schema_migrations".* FROM "schema_migrations"[0m


Started GET "/" for ::1 at 2015-05-31 13:09:39 +1200
  [1m[36mActiveRecord::SchemaMigration Load (0.6ms)[0m  [1mSELECT "schema_migrations".* FROM "schema_migrations"[0m

ActionController::RoutingError (uninitialized constant PostsController):
  activesupport (4.2.1) lib/active_support/inflector/methods.rb:261:in `const_get'
  activesupport (4.2.1) lib/active_support/inflector/methods.rb:261:in `block in constantize'
  activesupport (4.2.1) lib/active_support/inflector/methods.rb:259:in `each'
  activesupport (4.2.1) lib/active_support/inflector/methods.rb:259:in `inject'
  activesupport (4.2.1) lib/active_support/inflector/methods.rb:259:in `constantize'
  actionpack (4.2.1) lib/action_dispatch/routing/route_set.rb:70:in `controller_reference'
  actionpack (4.2.1) lib/action_dispatch/routing/route_set.rb:60:in `controller'
  actionpack (4.2.1) lib/action_dispatch/routing/route_set.rb:39:in `serve'
  actionpack (4.2.1) lib/action_dispatch/journey/router.rb:43:in `block in serve'
  actionpack (4.2.1) lib/action_dispatch/journey/router.rb:30:in `each'
  actionpack (4.2.1) lib/action_dispatch/journey/router.rb:30:in `serve'
  actionpack (4.2.1) lib/action_dispatch/routing/route_set.rb:819:in `call'
  rack (1.6.1) lib/rack/etag.rb:24:in `call'
  rack (1.6.1) lib/rack/conditionalget.rb:25:in `call'
  rack (1.6.1) lib/rack/head.rb:13:in `call'
  actionpack (4.2.1) lib/action_dispatch/middleware/params_parser.rb:27:in `call'
  actionpack (4.2.1) lib/action_dispatch/middleware/flash.rb:260:in `call'
  rack (1.6.1) lib/rack/session/abstract/id.rb:225:in `context'
  rack (1.6.1) lib/rack/session/abstract/id.rb:220:in `call'
  actionpack (4.2.1) lib/action_dispatch/middleware/cookies.rb:560:in `call'
  activerecord (4.2.1) lib/active_record/query_cache.rb:36:in `call'
  activerecord (4.2.1) lib/active_record/connection_adapters/abstract/connection_pool.rb:649:in `call'
  activerecord (4.2.1) lib/active_record/migration.rb:378:in `call'
  actionpack (4.2.1) lib/action_dispatch/middleware/callbacks.rb:29:in `block in call'
  activesupport (4.2.1) lib/active_support/callbacks.rb:88:in `call'
  activesupport (4.2.1) lib/active_support/callbacks.rb:88:in `_run_callbacks'
  activesupport (4.2.1) lib/active_support/callbacks.rb:776:in `_run_call_callbacks'
  activesupport (4.2.1) lib/active_support/callbacks.rb:81:in `run_callbacks'
  actionpack (4.2.1) lib/action_dispatch/middleware/callbacks.rb:27:in `call'
  actionpack (4.2.1) lib/action_dispatch/middleware/reloader.rb:73:in `call'
  actionpack (4.2.1) lib/action_dispatch/middleware/remote_ip.rb:78:in `call'
  actionpack (4.2.1) lib/action_dispatch/middleware/debug_exceptions.rb:17:in `call'
  web-console (2.1.2) lib/web_console/middleware.rb:37:in `call'
  actionpack (4.2.1) lib/action_dispatch/middleware/show_exceptions.rb:30:in `call'
  railties (4.2.1) lib/rails/rack/logger.rb:38:in `call_app'
  railties (4.2.1) lib/rails/rack/logger.rb:20:in `block in call'
  activesupport (4.2.1) lib/active_support/tagged_logging.rb:68:in `block in tagged'
  activesupport (4.2.1) lib/active_support/tagged_logging.rb:26:in `tagged'
  activesupport (4.2.1) lib/active_support/tagged_logging.rb:68:in `tagged'
  railties (4.2.1) lib/rails/rack/logger.rb:20:in `call'
  actionpack (4.2.1) lib/action_dispatch/middleware/request_id.rb:21:in `call'
  rack (1.6.1) lib/rack/methodoverride.rb:22:in `call'
  rack (1.6.1) lib/rack/runtime.rb:18:in `call'
  activesupport (4.2.1) lib/active_support/cache/strategy/local_cache_middleware.rb:28:in `call'
  rack (1.6.1) lib/rack/lock.rb:17:in `call'
  actionpack (4.2.1) lib/action_dispatch/middleware/static.rb:113:in `call'
  rack (1.6.1) lib/rack/sendfile.rb:113:in `call'
  railties (4.2.1) lib/rails/engine.rb:518:in `call'
  railties (4.2.1) lib/rails/application.rb:164:in `call'
  rack (1.6.1) lib/rack/lock.rb:17:in `call'
  rack (1.6.1) lib/rack/content_length.rb:15:in `call'
  rack (1.6.1) lib/rack/handler/webrick.rb:89:in `service'
  /Users/apprentice/.rbenv/versions/2.0.0-p353/lib/ruby/2.0.0/webrick/httpserver.rb:138:in `service'
  /Users/apprentice/.rbenv/versions/2.0.0-p353/lib/ruby/2.0.0/webrick/httpserver.rb:94:in `run'
  /Users/apprentice/.rbenv/versions/2.0.0-p353/lib/ruby/2.0.0/webrick/server.rb:295:in `block in start_thread'


  Rendered /Users/apprentice/.rbenv/versions/2.0.0-p353/lib/ruby/gems/2.0.0/gems/actionpack-4.2.1/lib/action_dispatch/middleware/templates/rescues/_trace.html.erb (3.8ms)
  Rendered /Users/apprentice/.rbenv/versions/2.0.0-p353/lib/ruby/gems/2.0.0/gems/actionpack-4.2.1/lib/action_dispatch/middleware/templates/routes/_route.html.erb (1.8ms)
  Rendered /Users/apprentice/.rbenv/versions/2.0.0-p353/lib/ruby/gems/2.0.0/gems/actionpack-4.2.1/lib/action_dispatch/middleware/templates/routes/_table.html.erb (35.4ms)
  Rendered /Users/apprentice/.rbenv/versions/2.0.0-p353/lib/ruby/gems/2.0.0/gems/actionpack-4.2.1/lib/action_dispatch/middleware/templates/rescues/_request_and_response.html.erb (20.3ms)
  Rendered /Users/apprentice/.rbenv/versions/2.0.0-p353/lib/ruby/gems/2.0.0/gems/actionpack-4.2.1/lib/action_dispatch/middleware/templates/rescues/routing_error.html.erb within rescues/layout (135.6ms)
  Rendered /Users/apprentice/.rbenv/versions/2.0.0-p353/lib/ruby/gems/2.0.0/gems/web-console-2.1.2/lib/web_console/templates/_markup.html.erb (0.8ms)
  Rendered /Users/apprentice/.rbenv/versions/2.0.0-p353/lib/ruby/gems/2.0.0/gems/web-console-2.1.2/lib/web_console/templates/style.css.erb within layouts/inlined_string (46.7ms)
  Rendered /Users/apprentice/.rbenv/versions/2.0.0-p353/lib/ruby/gems/2.0.0/gems/web-console-2.1.2/lib/web_console/templates/_inner_console_markup.html.erb within layouts/inlined_string (0.3ms)
  Rendered /Users/apprentice/.rbenv/versions/2.0.0-p353/lib/ruby/gems/2.0.0/gems/web-console-2.1.2/lib/web_console/templates/_prompt_box_markup.html.erb within layouts/inlined_string (0.4ms)
  Rendered /Users/apprentice/.rbenv/versions/2.0.0-p353/lib/ruby/gems/2.0.0/gems/web-console-2.1.2/lib/web_console/templates/console.js.erb within layouts/javascript (69.5ms)
  Rendered /Users/apprentice/.rbenv/versions/2.0.0-p353/lib/ruby/gems/2.0.0/gems/web-console-2.1.2/lib/web_console/templates/main.js.erb within layouts/javascript (0.3ms)
  Rendered /Users/apprentice/.rbenv/versions/2.0.0-p353/lib/ruby/gems/2.0.0/gems/web-console-2.1.2/lib/web_console/templates/error_page.js.erb within layouts/javascript (0.5ms)
  Rendered /Users/apprentice/.rbenv/versions/2.0.0-p353/lib/ruby/gems/2.0.0/gems/web-console-2.1.2/lib/web_console/templates/index.html.erb (117.9ms)


Started GET "/" for ::1 at 2015-05-31 13:11:17 +1200
Processing by PostsController#index as HTML
  Rendered posts/index.html.erb within layouts/application (0.5ms)
Completed 200 OK in 2613ms (Views: 2612.7ms | ActiveRecord: 0.0ms)


Started GET "/" for ::1 at 2015-05-31 13:11:20 +1200
Processing by PostsController#index as HTML
  Rendered posts/index.html.erb within layouts/application (0.1ms)
Completed 200 OK in 34ms (Views: 33.2ms | ActiveRecord: 0.0ms)


Started GET "/assets/posts.self-e3b0c44298fc1c149afbf4c8996fb92427ae41e4649b934ca495991b7852b855.css?body=1" for ::1 at 2015-05-31 13:11:20 +1200


Started GET "/assets/votes.self-e3b0c44298fc1c149afbf4c8996fb92427ae41e4649b934ca495991b7852b855.css?body=1" for ::1 at 2015-05-31 13:11:20 +1200


Started GET "/assets/jquery_ujs.self-8e98a7a072a6cee1372d19fff9ff3e6aa1e39a37d89d6f06861637d061113ee7.js?body=1" for ::1 at 2015-05-31 13:11:20 +1200


Started GET "/assets/posts.self-877aef30ae1b040ab8a3aba4e3e309a11d7f2612f44dde450b5c157aa5f95c05.js?body=1" for ::1 at 2015-05-31 13:11:20 +1200


Started GET "/assets/votes.self-877aef30ae1b040ab8a3aba4e3e309a11d7f2612f44dde450b5c157aa5f95c05.js?body=1" for ::1 at 2015-05-31 13:11:20 +1200


Started GET "/assets/jquery.self-d03a5518f45df77341bdbe6201ba3bfa547ebba8ed64f0ea56bfa5f96ea7c074.js?body=1" for ::1 at 2015-05-31 13:11:20 +1200


Started GET "/assets/application.self-e80e8f2318043e8af94dddc2adad5a4f09739a8ebb323b3ab31cd71d45fd9113.css?body=1" for ::1 at 2015-05-31 13:11:20 +1200


Started GET "/assets/turbolinks.self-c37727e9bd6b2735da5c311aa83fead54ed0be6cc8bd9a65309e9c5abe2cbfff.js?body=1" for ::1 at 2015-05-31 13:11:20 +1200


Started GET "/assets/application.self-3b8dabdc891efe46b9a144b400ad69e37d7e5876bdc39dee783419a69d7ca819.js?body=1" for ::1 at 2015-05-31 13:11:20 +1200
